<?xml version="1.0" encoding="UTF-8"?>
<testsuite xmlns:xsi="http://www.w3.org/2001/XMLSchema-instance" xsi:noNamespaceSchemaLocation="https://maven.apache.org/surefire/maven-surefire-plugin/xsd/surefire-test-report.xsd" name="US1001_amazon_search" time="46.715" tests="2" errors="2" skipped="0" failures="0">
  <properties>
[...]
</properties>
  <testcase name="TC01_Amazon Search Testi" classname="US1001_amazon_search" time="46.714">
    <error message="The step &apos;sonuclarin iphone icerdigini test eder&apos; is undefined.&#10;You can implement this step using the snippet(s) below:&#10;&#10;@Then(&quot;sonuclarin iphone icerdigini test eder&quot;)&#10;public void sonuclarin_iphone_icerdigini_test_eder() {&#10;    // Write code here that turns the phrase above into concrete actions&#10;    throw new io.cucumber.java.PendingException();&#10;}&#10;" type="io.cucumber.junit.UndefinedStepException">io.cucumber.junit.UndefinedStepException: 
The step 'sonuclarin iphone icerdigini test eder' is undefined.
You can implement this step using the snippet(s) below:

@Then("sonuclarin iphone icerdigini test eder")
public void sonuclarin_iphone_icerdigini_test_eder() {
    // Write code here that turns the phrase above into concrete actions
    throw new io.cucumber.java.PendingException();
}

</error>
    <system-err><![CDATA[SLF4J: Failed to load class "org.slf4j.impl.StaticLoggerBinder".
SLF4J: Defaulting to no-operation (NOP) logger implementation
SLF4J: See http://www.slf4j.org/codes.html#StaticLoggerBinder for further details.
Starting ChromeDriver 98.0.4758.80 (7f0488e8ba0d8e019187c6325a16c29d9b7f4989-refs/branch-heads/4758@{#972}) on port 56368
Only local connections are allowed.
Please see https://chromedriver.chromium.org/security-considerations for suggestions on keeping ChromeDriver safe.
ChromeDriver was started successfully.
Şub 15, 2022 3:17:27 ÖS org.openqa.selenium.remote.ProtocolHandshake createSession
INFO: Detected dialect: W3C
Şub 15, 2022 3:17:28 ÖS org.openqa.selenium.devtools.CdpVersionFinder findNearestMatch
WARNING: Unable to find an exact match for CDP version 98, so returning the closest version found: 96
Şub 15, 2022 3:17:28 ÖS org.openqa.selenium.devtools.CdpVersionFinder findNearestMatch
INFO: Found CDP implementation for version 98 of 96
]]></system-err>
  </testcase>
  <testcase name="TC01_Amazon Search Testi" classname="US1001_amazon_search" time="0">
    <error message="unknown error: cannot activate web view&#10;  (Session info: chrome=98.0.4758.102)&#10;Build info: version: &apos;4.1.1&apos;, revision: &apos;e8fcc2cecf&apos;&#10;System info: host: &apos;DESKTOP-101FJAP&apos;, ip: &apos;192.168.1.34&apos;, os.name: &apos;Windows 10&apos;, os.arch: &apos;amd64&apos;, os.version: &apos;10.0&apos;, java.version: &apos;17.0.1&apos;&#10;Driver info: org.openqa.selenium.chrome.ChromeDriver&#10;Command: [75da5eb8b893306130454460e48d2163, screenshot {}]&#10;Capabilities {acceptInsecureCerts: false, browserName: chrome, browserVersion: 98.0.4758.102, chrome: {chromedriverVersion: 98.0.4758.80 (7f0488e8ba0d8..., userDataDir: C:\Users\Pc\AppData\Local\T...}, goog:chromeOptions: {debuggerAddress: localhost:52074}, javascriptEnabled: true, networkConnectionEnabled: false, pageLoadStrategy: normal, platform: WINDOWS, platformName: WINDOWS, proxy: Proxy(), se:cdp: ws://localhost:52074/devtoo..., se:cdpVersion: 98.0.4758.102, setWindowRect: true, strictFileInteractability: false, timeouts: {implicit: 0, pageLoad: 300000, script: 30000}, unhandledPromptBehavior: dismiss and notify, webauthn:extension:credBlob: true, webauthn:extension:largeBlob: true, webauthn:virtualAuthenticators: true}&#10;Session ID: 75da5eb8b893306130454460e48d2163" type="org.openqa.selenium.WebDriverException">org.openqa.selenium.WebDriverException: 
unknown error: cannot activate web view
  (Session info: chrome=98.0.4758.102)
Build info: version: '4.1.1', revision: 'e8fcc2cecf'
System info: host: 'DESKTOP-101FJAP', ip: '192.168.1.34', os.name: 'Windows 10', os.arch: 'amd64', os.version: '10.0', java.version: '17.0.1'
Driver info: org.openqa.selenium.chrome.ChromeDriver
Command: [75da5eb8b893306130454460e48d2163, screenshot {}]
Capabilities {acceptInsecureCerts: false, browserName: chrome, browserVersion: 98.0.4758.102, chrome: {chromedriverVersion: 98.0.4758.80 (7f0488e8ba0d8..., userDataDir: C:\Users\Pc\AppData\Local\T...}, goog:chromeOptions: {debuggerAddress: localhost:52074}, javascriptEnabled: true, networkConnectionEnabled: false, pageLoadStrategy: normal, platform: WINDOWS, platformName: WINDOWS, proxy: Proxy(), se:cdp: ws://localhost:52074/devtoo..., se:cdpVersion: 98.0.4758.102, setWindowRect: true, strictFileInteractability: false, timeouts: {implicit: 0, pageLoad: 300000, script: 30000}, unhandledPromptBehavior: dismiss and notify, webauthn:extension:credBlob: true, webauthn:extension:largeBlob: true, webauthn:virtualAuthenticators: true}
Session ID: 75da5eb8b893306130454460e48d2163
</error>
  </testcase>
</testsuite>